<?xml version="1.0" encoding="UTF-8"?>
<testsuite xmlns:xsi="http://www.w3.org/2001/XMLSchema-instance" xsi:noNamespaceSchemaLocation="https://maven.apache.org/surefire/maven-failsafe-plugin/xsd/failsafe-test-report.xsd" version="3.0.2" name="com.bank.accounts.controller.AccountControllerIT" time="2.67" tests="2" errors="0" skipped="0" failures="0">
  <properties>
[...]
</properties>
  <testcase name="getUserInfo should return 200 OK with user info" classname="com.bank.accounts.controller.AccountControllerIT" time="0.165">
    <system-out><![CDATA[13:03:29.385 [main] INFO org.springframework.test.context.support.AnnotationConfigContextLoaderUtils -- Could not detect default configuration classes for test class [com.bank.accounts.controller.AccountControllerIT]: AccountControllerIT does not declare any static, non-private, non-final, nested classes annotated with @Configuration.
13:03:29.454 [main] INFO org.springframework.boot.test.context.SpringBootTestContextBootstrapper -- Found @SpringBootConfiguration com.bank.accounts.AbcApplication for test class com.bank.accounts.controller.AccountControllerIT

  .   ____          _            __ _ _
 /\\ / ___'_ __ _ _(_)_ __  __ _ \ \ \ \
( ( )\___ | '_ | '_| | '_ \/ _` | \ \ \ \
 \\/  ___)| |_)| | | | | || (_| |  ) ) ) )
  '  |____| .__|_| |_|_| |_\__, | / / / /
 =========|_|==============|___/=/_/_/_/

 :: Spring Boot ::                (v3.4.4)

2025-04-08T13:03:29.614+02:00  INFO 65302 --- [accounts] [           main] c.b.a.controller.AccountControllerIT     : Starting AccountControllerIT using Java 21.0.4 with PID 65302 (started by sazad in /Users/sazad/Aragog/abc)
2025-04-08T13:03:29.615+02:00  INFO 65302 --- [accounts] [           main] c.b.a.controller.AccountControllerIT     : No active profile set, falling back to 1 default profile: "default"
2025-04-08T13:03:29.934+02:00  INFO 65302 --- [accounts] [           main] .s.d.r.c.RepositoryConfigurationDelegate : Bootstrapping Spring Data JPA repositories in DEFAULT mode.
2025-04-08T13:03:29.960+02:00  INFO 65302 --- [accounts] [           main] .s.d.r.c.RepositoryConfigurationDelegate : Finished Spring Data repository scanning in 22 ms. Found 2 JPA repository interfaces.
2025-04-08T13:03:30.740+02:00  INFO 65302 --- [accounts] [           main] org.flywaydb.core.FlywayExecutor         : Database: jdbc:h2:mem:abc_db (H2 2.2)
2025-04-08T13:03:30.759+02:00  INFO 65302 --- [accounts] [           main] o.f.c.i.s.JdbcTableSchemaHistory         : Schema history table "PUBLIC"."flyway_schema_history" does not exist yet
2025-04-08T13:03:30.760+02:00  INFO 65302 --- [accounts] [           main] o.f.core.internal.command.DbValidate     : Successfully validated 3 migrations (execution time 00:00.005s)
2025-04-08T13:03:30.763+02:00  INFO 65302 --- [accounts] [           main] o.f.c.i.s.JdbcTableSchemaHistory         : Creating Schema History table "PUBLIC"."flyway_schema_history" ...
2025-04-08T13:03:30.778+02:00  INFO 65302 --- [accounts] [           main] o.f.core.internal.command.DbMigrate      : Current version of schema "PUBLIC": << Empty Schema >>
2025-04-08T13:03:30.788+02:00  INFO 65302 --- [accounts] [           main] o.f.core.internal.command.DbMigrate      : Migrating schema "PUBLIC" to version "202504071000 - create user table"
2025-04-08T13:03:30.794+02:00  INFO 65302 --- [accounts] [           main] o.f.core.internal.command.DbMigrate      : Migrating schema "PUBLIC" to version "202504071030 - create account table"
2025-04-08T13:03:30.797+02:00  INFO 65302 --- [accounts] [           main] o.f.core.internal.command.DbMigrate      : Migrating schema "PUBLIC" to version "202504071100 - initial load users table"
2025-04-08T13:03:30.801+02:00  INFO 65302 --- [accounts] [           main] o.f.core.internal.command.DbMigrate      : Successfully applied 3 migrations to schema "PUBLIC", now at version v202504071100 (execution time 00:00.002s)
2025-04-08T13:03:30.857+02:00  INFO 65302 --- [accounts] [           main] o.hibernate.jpa.internal.util.LogHelper  : HHH000204: Processing PersistenceUnitInfo [name: default]
2025-04-08T13:03:30.877+02:00  INFO 65302 --- [accounts] [           main] org.hibernate.Version                    : HHH000412: Hibernate ORM core version 6.6.11.Final
2025-04-08T13:03:30.890+02:00  INFO 65302 --- [accounts] [           main] o.h.c.internal.RegionFactoryInitiator    : HHH000026: Second-level cache disabled
2025-04-08T13:03:30.942+02:00  INFO 65302 --- [accounts] [           main] o.s.o.j.p.SpringPersistenceUnitInfo      : No LoadTimeWeaver setup: ignoring JPA class transformer
2025-04-08T13:03:30.954+02:00  INFO 65302 --- [accounts] [           main] com.zaxxer.hikari.HikariDataSource       : HikariPool-1 - Starting...
2025-04-08T13:03:30.959+02:00  INFO 65302 --- [accounts] [           main] com.zaxxer.hikari.pool.HikariPool        : HikariPool-1 - Added connection conn2: url=jdbc:h2:mem:abc_db user=SA
2025-04-08T13:03:30.960+02:00  INFO 65302 --- [accounts] [           main] com.zaxxer.hikari.HikariDataSource       : HikariPool-1 - Start completed.
2025-04-08T13:03:30.982+02:00  INFO 65302 --- [accounts] [           main] org.hibernate.orm.connections.pooling    : HHH10001005: Database info:
	Database JDBC URL [Connecting through datasource 'HikariDataSource (HikariPool-1)']
	Database driver: undefined/unknown
	Database version: 2.2.224
	Autocommit mode: undefined/unknown
	Isolation level: undefined/unknown
	Minimum pool size: undefined/unknown
	Maximum pool size: undefined/unknown
2025-04-08T13:03:31.259+02:00  INFO 65302 --- [accounts] [           main] o.h.e.t.j.p.i.JtaPlatformInitiator       : HHH000489: No JTA platform available (set 'hibernate.transaction.jta.platform' to enable JTA platform integration)
2025-04-08T13:03:31.260+02:00  INFO 65302 --- [accounts] [           main] j.LocalContainerEntityManagerFactoryBean : Initialized JPA EntityManagerFactory for persistence unit 'default'
2025-04-08T13:03:31.597+02:00  INFO 65302 --- [accounts] [           main] o.s.v.b.OptionalValidatorFactoryBean     : Failed to set up a Bean Validation provider: jakarta.validation.NoProviderFoundException: Unable to create a Configuration, because no Jakarta Bean Validation provider could be found. Add a provider like Hibernate Validator (RI) to your classpath.
2025-04-08T13:03:31.766+02:00  INFO 65302 --- [accounts] [           main] o.s.b.a.h2.H2ConsoleAutoConfiguration    : H2 console available at '/h2-console'. Database available at 'jdbc:h2:mem:abc_db'
2025-04-08T13:03:31.788+02:00  INFO 65302 --- [accounts] [           main] o.s.b.t.m.w.SpringBootMockServletContext : Initializing Spring TestDispatcherServlet ''
2025-04-08T13:03:31.788+02:00  INFO 65302 --- [accounts] [           main] o.s.t.web.servlet.TestDispatcherServlet  : Initializing Servlet ''
2025-04-08T13:03:31.789+02:00  INFO 65302 --- [accounts] [           main] o.s.t.web.servlet.TestDispatcherServlet  : Completed initialization in 0 ms
2025-04-08T13:03:31.803+02:00  INFO 65302 --- [accounts] [           main] c.b.a.controller.AccountControllerIT     : Started AccountControllerIT in 2.307 seconds (process running for 2.71)
]]></system-out>
    <system-err><![CDATA[Mockito is currently self-attaching to enable the inline-mock-maker. This will no longer work in future releases of the JDK. Please add Mockito as an agent to your build what is described in Mockito's documentation: https://javadoc.io/doc/org.mockito/mockito-core/latest/org/mockito/Mockito.html#0.3
WARNING: A Java agent has been loaded dynamically (/Users/sazad/.m2/repository/net/bytebuddy/byte-buddy-agent/1.15.11/byte-buddy-agent-1.15.11.jar)
WARNING: If a serviceability tool is in use, please run with -XX:+EnableDynamicAgentLoading to hide this warning
WARNING: If a serviceability tool is not in use, please run with -Djdk.instrument.traceUsage for more information
WARNING: Dynamic loading of agents will be disallowed by default in a future release
]]></system-err>
  </testcase>
  <testcase name="createAccount should return 202 Accepted with account response" classname="com.bank.accounts.controller.AccountControllerIT" time="0.016"/>
</testsuite>